TN:
SF:src\components\InvolvementAPI.js
FN:5,(anonymous_0)
FN:21,(anonymous_1)
FN:32,(anonymous_2)
FN:48,(anonymous_3)
FNF:4
FNH:4
FNDA:2,(anonymous_0)
FNDA:2,(anonymous_1)
FNDA:2,(anonymous_2)
FNDA:2,(anonymous_3)
DA:1,1
DA:2,1
DA:5,1
DA:6,2
DA:14,2
DA:15,1
DA:17,1
DA:21,1
DA:22,2
DA:24,2
DA:25,1
DA:26,1
DA:28,1
DA:32,1
DA:33,2
DA:41,2
DA:42,1
DA:44,1
DA:48,1
DA:49,2
DA:51,2
DA:52,1
DA:53,1
DA:55,1
LF:24
LH:24
BRDA:14,0,0,1
BRDA:14,0,1,1
BRDA:24,1,0,1
BRDA:24,1,1,1
BRDA:41,2,0,1
BRDA:41,2,1,1
BRDA:51,3,0,1
BRDA:51,3,1,1
BRF:8
BRH:8
end_of_record
